<?xml version="1.0" encoding="UTF-8"?>
<!-- Generated by org.testng.reporters.JUnitReportReporter -->
<testsuite skipped="0" hostname="LAPTOP-JSR19VR7" name="restful.api.petstore.stepdefinitions.RunnerTest" tests="3" failures="0" timestamp="11 Apr 2019 11:18:01 GMT" time="3.800" errors="0">
  <testcase name="feature" time="0.609" classname="restful.api.petstore.stepdefinitions.RunnerTest"/>
  <testcase name="feature" time="3.178" classname="restful.api.petstore.stepdefinitions.RunnerTest"/>
  <testcase name="feature" time="0.013" classname="restful.api.petstore.stepdefinitions.RunnerTest"/>
</testsuite> <!-- restful.api.petstore.stepdefinitions.RunnerTest -->
