<?xml version="1.0" encoding="UTF-8"?>
<!-- Generated by org.testng.reporters.JUnitReportReporter -->
<testsuite skipped="0" hostname="LAPTOP-JSR19VR7" name="restful.api.petstore.stepdefinition.RunnerTest" tests="1" failures="0" timestamp="10 Apr 2019 14:39:17 GMT" time="0.049" errors="0">
  <testcase name="feature" time="0.049" classname="restful.api.petstore.stepdefinition.RunnerTest"/>
</testsuite> <!-- restful.api.petstore.stepdefinition.RunnerTest -->
